#
# There is insufficient memory for the Java Runtime Environment to continue.
# Native memory allocation (mmap) failed to map 65536 bytes for Failed to commit metaspace.
# Possible reasons:
#   The system is out of physical RAM or swap space
#   The process is running with CompressedOops enabled, and the Java Heap may be blocking the growth of the native heap
# Possible solutions:
#   Reduce memory load on the system
#   Increase physical memory or swap space
#   Check if swap backing store is full
#   Decrease Java heap size (-Xmx/-Xms)
#   Decrease number of Java threads
#   Decrease Java thread stack sizes (-Xss)
#   Set larger code cache with -XX:ReservedCodeCacheSize=
#   JVM is running with Zero Based Compressed Oops mode in which the Java heap is
#     placed in the first 32GB address space. The Java Heap base address is the
#     maximum limit for the native heap growth. Please use -XX:HeapBaseMinAddress
#     to set the Java Heap base and to place the Java Heap above 32GB virtual address.
# This output file may be truncated or incomplete.
#
#  Out of Memory Error (virtualSpaceNode.cpp:110), pid=22024, tid=25180
#
# JRE version: OpenJDK Runtime Environment JBR-17.0.8.1+7-1000.32-jcef (17.0.8.1+7) (build 17.0.8.1+7-b1000.32)
# Java VM: OpenJDK 64-Bit Server VM JBR-17.0.8.1+7-1000.32-jcef (17.0.8.1+7-b1000.32, mixed mode, tiered, compressed oops, compressed class ptrs, g1 gc, windows-amd64)
# No core dump will be written. Minidumps are not enabled by default on client versions of Windows
#

---------------  S U M M A R Y ------------

Command Line: git4idea.http.GitAskPassApp Username for 'https://gitee.com': 

Host: AMD Ryzen 7 5825U with Radeon Graphics         , 16 cores, 15G,  Windows 11 , 64 bit Build 22621 (10.0.22621.5124)
Time: Mon Apr  7 13:58:02 2025  Windows 11 , 64 bit Build 22621 (10.0.22621.5124) elapsed time: 0.825687 seconds (0d 0h 0m 0s)

---------------  T H R E A D  ---------------

Current thread (0x000001429ecb45d0):  JavaThread "C1 CompilerThread0" daemon [_thread_in_vm, id=25180, stack(0x0000001019600000,0x0000001019700000)]


Current CompileTask:
C1:    825 1198       3       jdk.internal.org.objectweb.asm.ClassWriter::toByteArray (1515 bytes)

Stack: [0x0000001019600000,0x0000001019700000]
Native frames: (J=compiled Java code, j=interpreted, Vv=VM code, C=native code)
V  [jvm.dll+0x6852da]
V  [jvm.dll+0x844c84]
V  [jvm.dll+0x84659e]
V  [jvm.dll+0x846c03]
V  [jvm.dll+0x24b7cf]
V  [jvm.dll+0x84003b]
V  [jvm.dll+0x6296c6]
V  [jvm.dll+0x62972a]
V  [jvm.dll+0x62bf4a]
V  [jvm.dll+0x62a066]
V  [jvm.dll+0x63b33a]
V  [jvm.dll+0x63416a]
V  [jvm.dll+0x1ceff0]
V  [jvm.dll+0x1cf1e0]
V  [jvm.dll+0x1369be]
V  [jvm.dll+0x136ce6]
V  [jvm.dll+0x13617a]
V  [jvm.dll+0x137e41]
V  [jvm.dll+0x22c9c8]
V  [jvm.dll+0x22a990]
V  [jvm.dll+0x7f9d3c]
V  [jvm.dll+0x7f415a]
V  [jvm.dll+0x684115]
C  [ucrtbase.dll+0x29333]
C  [KERNEL32.DLL+0x1259d]
C  [ntdll.dll+0x5af38]


---------------  P R O C E S S  ---------------

Threads class SMR info:
_java_thread_list=0x00000142a33e2e20, length=16, elements={
0x00000142ff872040, 0x000001429ec47b70, 0x000001429ec487f0, 0x000001429ec9e440,
0x000001429ec9fe10, 0x000001429ec760d0, 0x000001429ec78aa0, 0x000001429eca8700,
0x000001429ecb45d0, 0x000001429ecb6fe0, 0x000001429ee16ae0, 0x000001429ee361f0,
0x000001429ee3b0a0, 0x00000142a3174fa0, 0x00000142a3391020, 0x00000142a3453bf0
}

Java Threads: ( => current thread )
  0x00000142ff872040 JavaThread "main" [_thread_blocked, id=15436, stack(0x0000001018800000,0x0000001018900000)]
  0x000001429ec47b70 JavaThread "Reference Handler" daemon [_thread_blocked, id=25256, stack(0x0000001018f00000,0x0000001019000000)]
  0x000001429ec487f0 JavaThread "Finalizer" daemon [_thread_blocked, id=23508, stack(0x0000001019000000,0x0000001019100000)]
  0x000001429ec9e440 JavaThread "Signal Dispatcher" daemon [_thread_blocked, id=24632, stack(0x0000001019100000,0x0000001019200000)]
  0x000001429ec9fe10 JavaThread "Attach Listener" daemon [_thread_blocked, id=22228, stack(0x0000001019200000,0x0000001019300000)]
  0x000001429ec760d0 JavaThread "Service Thread" daemon [_thread_blocked, id=13688, stack(0x0000001019300000,0x0000001019400000)]
  0x000001429ec78aa0 JavaThread "Monitor Deflation Thread" daemon [_thread_blocked, id=944, stack(0x0000001019400000,0x0000001019500000)]
  0x000001429eca8700 JavaThread "C2 CompilerThread0" daemon [_thread_blocked, id=27852, stack(0x0000001019500000,0x0000001019600000)]
=>0x000001429ecb45d0 JavaThread "C1 CompilerThread0" daemon [_thread_in_vm, id=25180, stack(0x0000001019600000,0x0000001019700000)]
  0x000001429ecb6fe0 JavaThread "Sweeper thread" daemon [_thread_blocked, id=27104, stack(0x0000001019700000,0x0000001019800000)]
  0x000001429ee16ae0 JavaThread "C1 CompilerThread1" daemon [_thread_blocked, id=18844, stack(0x0000001019800000,0x0000001019900000)]
  0x000001429ee361f0 JavaThread "Notification Thread" daemon [_thread_blocked, id=27088, stack(0x0000001019900000,0x0000001019a00000)]
  0x000001429ee3b0a0 JavaThread "Common-Cleaner" daemon [_thread_blocked, id=25116, stack(0x0000001019b00000,0x0000001019c00000)]
  0x00000142a3174fa0 JavaThread "HttpClient-1-SelectorManager" daemon [_thread_in_native, id=27092, stack(0x0000001019c00000,0x0000001019d00000)]
  0x00000142a3391020 JavaThread "HttpClient-1-Worker-0" daemon [_thread_in_vm, id=25576, stack(0x0000001019e00000,0x0000001019f00000)]
  0x00000142a3453bf0 JavaThread "HttpClient-1-Worker-1" daemon [_thread_blocked, id=22296, stack(0x0000001019f00000,0x000000101a000000)]

Other Threads:
  0x000001429ec40020 VMThread "VM Thread" [stack: 0x0000001018e00000,0x0000001018f00000] [id=17812]
  0x00000142ff900350 WatcherThread [stack: 0x0000001019a00000,0x0000001019b00000] [id=11032]
  0x00000142ff8dc7f0 GCTaskThread "GC Thread#0" [stack: 0x0000001018900000,0x0000001018a00000] [id=27780]
  0x00000142ff8ecd00 ConcurrentGCThread "G1 Main Marker" [stack: 0x0000001018a00000,0x0000001018b00000] [id=19112]
  0x00000142ff8ed710 ConcurrentGCThread "G1 Conc#0" [stack: 0x0000001018b00000,0x0000001018c00000] [id=18308]
  0x000001429e73d280 ConcurrentGCThread "G1 Refine#0" [stack: 0x0000001018c00000,0x0000001018d00000] [id=27080]
  0x000001429e73dac0 ConcurrentGCThread "G1 Service" [stack: 0x0000001018d00000,0x0000001018e00000] [id=20924]

Threads with active compile tasks:
C1 CompilerThread0      863 1198       3       jdk.internal.org.objectweb.asm.ClassWriter::toByteArray (1515 bytes)
C1 CompilerThread1      863 1199       3       jdk.internal.org.objectweb.asm.SymbolTable::computeBootstrapMethodsSize (27 bytes)

VM state: not at safepoint (normal execution)

VM Mutex/Monitor currently owned by a thread:  ([mutex/lock_event])
[0x00000142ff860240] Metaspace_lock - owner thread: 0x000001429ecb45d0
[0x00000142ff86dff0] MethodData_lock - owner thread: 0x000001429ecb45d0

Heap address: 0x000000070a400000, size: 3932 MB, Compressed Oops mode: Zero based, Oop shift amount: 3

CDS archive(s) not mapped
Compressed class space mapped at: 0x0000000800000000-0x0000000840000000, reserved size: 1073741824
Narrow klass base: 0x0000000800000000, Narrow klass shift: 0, Narrow klass range: 0x40000000

GC Precious Log:
 CPUs: 16 total, 16 available
 Memory: 15724M
 Large Page Support: Disabled
 NUMA Support: Disabled
 Compressed Oops: Enabled (Zero based)
 Heap Region Size: 2M
 Heap Min Capacity: 8M
 Heap Initial Capacity: 246M
 Heap Max Capacity: 3932M
 Pre-touch: Disabled
 Parallel Workers: 13
 Concurrent Workers: 3
 Concurrent Refinement Workers: 13
 Periodic GC: Disabled

Heap:
 garbage-first heap   total 251904K, used 14336K [0x000000070a400000, 0x0000000800000000)
  region size 2048K, 8 young (16384K), 0 survivors (0K)
 Metaspace       used 16719K, committed 16896K, reserved 1114112K
  class space    used 1757K, committed 1856K, reserved 1048576K

Heap Regions: E=young(eden), S=young(survivor), O=old, HS=humongous(starts), HC=humongous(continues), CS=collection set, F=free, OA=open archive, CA=closed archive, TAMS=top-at-mark-start (previous, next)
|   0|0x000000070a400000, 0x000000070a400000, 0x000000070a600000|  0%| F|  |TAMS 0x000000070a400000, 0x000000070a400000| Untracked 
|   1|0x000000070a600000, 0x000000070a600000, 0x000000070a800000|  0%| F|  |TAMS 0x000000070a600000, 0x000000070a600000| Untracked 
|   2|0x000000070a800000, 0x000000070a800000, 0x000000070aa00000|  0%| F|  |TAMS 0x000000070a800000, 0x000000070a800000| Untracked 
|   3|0x000000070aa00000, 0x000000070aa00000, 0x000000070ac00000|  0%| F|  |TAMS 0x000000070aa00000, 0x000000070aa00000| Untracked 
|   4|0x000000070ac00000, 0x000000070ac00000, 0x000000070ae00000|  0%| F|  |TAMS 0x000000070ac00000, 0x000000070ac00000| Untracked 
|   5|0x000000070ae00000, 0x000000070ae00000, 0x000000070b000000|  0%| F|  |TAMS 0x000000070ae00000, 0x000000070ae00000| Untracked 
|   6|0x000000070b000000, 0x000000070b000000, 0x000000070b200000|  0%| F|  |TAMS 0x000000070b000000, 0x000000070b000000| Untracked 
|   7|0x000000070b200000, 0x000000070b200000, 0x000000070b400000|  0%| F|  |TAMS 0x000000070b200000, 0x000000070b200000| Untracked 
|   8|0x000000070b400000, 0x000000070b400000, 0x000000070b600000|  0%| F|  |TAMS 0x000000070b400000, 0x000000070b400000| Untracked 
|   9|0x000000070b600000, 0x000000070b600000, 0x000000070b800000|  0%| F|  |TAMS 0x000000070b600000, 0x000000070b600000| Untracked 
|  10|0x000000070b800000, 0x000000070b800000, 0x000000070ba00000|  0%| F|  |TAMS 0x000000070b800000, 0x000000070b800000| Untracked 
|  11|0x000000070ba00000, 0x000000070ba00000, 0x000000070bc00000|  0%| F|  |TAMS 0x000000070ba00000, 0x000000070ba00000| Untracked 
|  12|0x000000070bc00000, 0x000000070bc00000, 0x000000070be00000|  0%| F|  |TAMS 0x000000070bc00000, 0x000000070bc00000| Untracked 
|  13|0x000000070be00000, 0x000000070be00000, 0x000000070c000000|  0%| F|  |TAMS 0x000000070be00000, 0x000000070be00000| Untracked 
|  14|0x000000070c000000, 0x000000070c000000, 0x000000070c200000|  0%| F|  |TAMS 0x000000070c000000, 0x000000070c000000| Untracked 
|  15|0x000000070c200000, 0x000000070c200000, 0x000000070c400000|  0%| F|  |TAMS 0x000000070c200000, 0x000000070c200000| Untracked 
|  16|0x000000070c400000, 0x000000070c400000, 0x000000070c600000|  0%| F|  |TAMS 0x000000070c400000, 0x000000070c400000| Untracked 
|  17|0x000000070c600000, 0x000000070c600000, 0x000000070c800000|  0%| F|  |TAMS 0x000000070c600000, 0x000000070c600000| Untracked 
|  18|0x000000070c800000, 0x000000070c800000, 0x000000070ca00000|  0%| F|  |TAMS 0x000000070c800000, 0x000000070c800000| Untracked 
|  19|0x000000070ca00000, 0x000000070ca00000, 0x000000070cc00000|  0%| F|  |TAMS 0x000000070ca00000, 0x000000070ca00000| Untracked 
|  20|0x000000070cc00000, 0x000000070cc00000, 0x000000070ce00000|  0%| F|  |TAMS 0x000000070cc00000, 0x000000070cc00000| Untracked 
|  21|0x000000070ce00000, 0x000000070ce00000, 0x000000070d000000|  0%| F|  |TAMS 0x000000070ce00000, 0x000000070ce00000| Untracked 
|  22|0x000000070d000000, 0x000000070d000000, 0x000000070d200000|  0%| F|  |TAMS 0x000000070d000000, 0x000000070d000000| Untracked 
|  23|0x000000070d200000, 0x000000070d200000, 0x000000070d400000|  0%| F|  |TAMS 0x000000070d200000, 0x000000070d200000| Untracked 
|  24|0x000000070d400000, 0x000000070d400000, 0x000000070d600000|  0%| F|  |TAMS 0x000000070d400000, 0x000000070d400000| Untracked 
|  25|0x000000070d600000, 0x000000070d600000, 0x000000070d800000|  0%| F|  |TAMS 0x000000070d600000, 0x000000070d600000| Untracked 
|  26|0x000000070d800000, 0x000000070d800000, 0x000000070da00000|  0%| F|  |TAMS 0x000000070d800000, 0x000000070d800000| Untracked 
|  27|0x000000070da00000, 0x000000070da00000, 0x000000070dc00000|  0%| F|  |TAMS 0x000000070da00000, 0x000000070da00000| Untracked 
|  28|0x000000070dc00000, 0x000000070dc00000, 0x000000070de00000|  0%| F|  |TAMS 0x000000070dc00000, 0x000000070dc00000| Untracked 
|  29|0x000000070de00000, 0x000000070de00000, 0x000000070e000000|  0%| F|  |TAMS 0x000000070de00000, 0x000000070de00000| Untracked 
|  30|0x000000070e000000, 0x000000070e000000, 0x000000070e200000|  0%| F|  |TAMS 0x000000070e000000, 0x000000070e000000| Untracked 
|  31|0x000000070e200000, 0x000000070e200000, 0x000000070e400000|  0%| F|  |TAMS 0x000000070e200000, 0x000000070e200000| Untracked 
|  32|0x000000070e400000, 0x000000070e400000, 0x000000070e600000|  0%| F|  |TAMS 0x000000070e400000, 0x000000070e400000| Untracked 
|  33|0x000000070e600000, 0x000000070e600000, 0x000000070e800000|  0%| F|  |TAMS 0x000000070e600000, 0x000000070e600000| Untracked 
|  34|0x000000070e800000, 0x000000070e800000, 0x000000070ea00000|  0%| F|  |TAMS 0x000000070e800000, 0x000000070e800000| Untracked 
|  35|0x000000070ea00000, 0x000000070ea00000, 0x000000070ec00000|  0%| F|  |TAMS 0x000000070ea00000, 0x000000070ea00000| Untracked 
|  36|0x000000070ec00000, 0x000000070ec00000, 0x000000070ee00000|  0%| F|  |TAMS 0x000000070ec00000, 0x000000070ec00000| Untracked 
|  37|0x000000070ee00000, 0x000000070ee00000, 0x000000070f000000|  0%| F|  |TAMS 0x000000070ee00000, 0x000000070ee00000| Untracked 
|  38|0x000000070f000000, 0x000000070f000000, 0x000000070f200000|  0%| F|  |TAMS 0x000000070f000000, 0x000000070f000000| Untracked 
|  39|0x000000070f200000, 0x000000070f200000, 0x000000070f400000|  0%| F|  |TAMS 0x000000070f200000, 0x000000070f200000| Untracked 
|  40|0x000000070f400000, 0x000000070f400000, 0x000000070f600000|  0%| F|  |TAMS 0x000000070f400000, 0x000000070f400000| Untracked 
|  41|0x000000070f600000, 0x000000070f600000, 0x000000070f800000|  0%| F|  |TAMS 0x000000070f600000, 0x000000070f600000| Untracked 
|  42|0x000000070f800000, 0x000000070f800000, 0x000000070fa00000|  0%| F|  |TAMS 0x000000070f800000, 0x000000070f800000| Untracked 
|  43|0x000000070fa00000, 0x000000070fa00000, 0x000000070fc00000|  0%| F|  |TAMS 0x000000070fa00000, 0x000000070fa00000| Untracked 
|  44|0x000000070fc00000, 0x000000070fc00000, 0x000000070fe00000|  0%| F|  |TAMS 0x000000070fc00000, 0x000000070fc00000| Untracked 
|  45|0x000000070fe00000, 0x000000070fe00000, 0x0000000710000000|  0%| F|  |TAMS 0x000000070fe00000, 0x000000070fe00000| Untracked 
|  46|0x0000000710000000, 0x0000000710000000, 0x0000000710200000|  0%| F|  |TAMS 0x0000000710000000, 0x0000000710000000| Untracked 
|  47|0x0000000710200000, 0x0000000710200000, 0x0000000710400000|  0%| F|  |TAMS 0x0000000710200000, 0x0000000710200000| Untracked 
|  48|0x0000000710400000, 0x0000000710400000, 0x0000000710600000|  0%| F|  |TAMS 0x0000000710400000, 0x0000000710400000| Untracked 
|  49|0x0000000710600000, 0x0000000710600000, 0x0000000710800000|  0%| F|  |TAMS 0x0000000710600000, 0x0000000710600000| Untracked 
|  50|0x0000000710800000, 0x0000000710800000, 0x0000000710a00000|  0%| F|  |TAMS 0x0000000710800000, 0x0000000710800000| Untracked 
|  51|0x0000000710a00000, 0x0000000710a00000, 0x0000000710c00000|  0%| F|  |TAMS 0x0000000710a00000, 0x0000000710a00000| Untracked 
|  52|0x0000000710c00000, 0x0000000710c00000, 0x0000000710e00000|  0%| F|  |TAMS 0x0000000710c00000, 0x0000000710c00000| Untracked 
|  53|0x0000000710e00000, 0x0000000710e00000, 0x0000000711000000|  0%| F|  |TAMS 0x0000000710e00000, 0x0000000710e00000| Untracked 
|  54|0x0000000711000000, 0x0000000711000000, 0x0000000711200000|  0%| F|  |TAMS 0x0000000711000000, 0x0000000711000000| Untracked 
|  55|0x0000000711200000, 0x0000000711200000, 0x0000000711400000|  0%| F|  |TAMS 0x0000000711200000, 0x0000000711200000| Untracked 
|  56|0x0000000711400000, 0x0000000711400000, 0x0000000711600000|  0%| F|  |TAMS 0x0000000711400000, 0x0000000711400000| Untracked 
|  57|0x0000000711600000, 0x0000000711600000, 0x0000000711800000|  0%| F|  |TAMS 0x0000000711600000, 0x0000000711600000| Untracked 
|  58|0x0000000711800000, 0x0000000711800000, 0x0000000711a00000|  0%| F|  |TAMS 0x0000000711800000, 0x0000000711800000| Untracked 
|  59|0x0000000711a00000, 0x0000000711a00000, 0x0000000711c00000|  0%| F|  |TAMS 0x0000000711a00000, 0x0000000711a00000| Untracked 
|  60|0x0000000711c00000, 0x0000000711c00000, 0x0000000711e00000|  0%| F|  |TAMS 0x0000000711c00000, 0x0000000711c00000| Untracked 
|  61|0x0000000711e00000, 0x0000000711e00000, 0x0000000712000000|  0%| F|  |TAMS 0x0000000711e00000, 0x0000000711e00000| Untracked 
|  62|0x0000000712000000, 0x0000000712000000, 0x0000000712200000|  0%| F|  |TAMS 0x0000000712000000, 0x0000000712000000| Untracked 
|  63|0x0000000712200000, 0x0000000712200000, 0x0000000712400000|  0%| F|  |TAMS 0x0000000712200000, 0x0000000712200000| Untracked 
|  64|0x0000000712400000, 0x0000000712400000, 0x0000000712600000|  0%| F|  |TAMS 0x0000000712400000, 0x0000000712400000| Untracked 
|  65|0x0000000712600000, 0x0000000712600000, 0x0000000712800000|  0%| F|  |TAMS 0x0000000712600000, 0x0000000712600000| Untracked 
|  66|0x0000000712800000, 0x0000000712800000, 0x0000000712a00000|  0%| F|  |TAMS 0x0000000712800000, 0x0000000712800000| Untracked 
|  67|0x0000000712a00000, 0x0000000712a00000, 0x0000000712c00000|  0%| F|  |TAMS 0x0000000712a00000, 0x0000000712a00000| Untracked 
|  68|0x0000000712c00000, 0x0000000712c00000, 0x0000000712e00000|  0%| F|  |TAMS 0x0000000712c00000, 0x0000000712c00000| Untracked 
|  69|0x0000000712e00000, 0x0000000712e00000, 0x0000000713000000|  0%| F|  |TAMS 0x0000000712e00000, 0x0000000712e00000| Untracked 
|  70|0x0000000713000000, 0x0000000713000000, 0x0000000713200000|  0%| F|  |TAMS 0x0000000713000000, 0x0000000713000000| Untracked 
|  71|0x0000000713200000, 0x0000000713200000, 0x0000000713400000|  0%| F|  |TAMS 0x0000000713200000, 0x0000000713200000| Untracked 
|  72|0x0000000713400000, 0x0000000713400000, 0x0000000713600000|  0%| F|  |TAMS 0x0000000713400000, 0x0000000713400000| Untracked 
|  73|0x0000000713600000, 0x0000000713600000, 0x0000000713800000|  0%| F|  |TAMS 0x0000000713600000, 0x0000000713600000| Untracked 
|  74|0x0000000713800000, 0x0000000713800000, 0x0000000713a00000|  0%| F|  |TAMS 0x0000000713800000, 0x0000000713800000| Untracked 
|  75|0x0000000713a00000, 0x0000000713a00000, 0x0000000713c00000|  0%| F|  |TAMS 0x0000000713a00000, 0x0000000713a00000| Untracked 
|  76|0x0000000713c00000, 0x0000000713c00000, 0x0000000713e00000|  0%| F|  |TAMS 0x0000000713c00000, 0x0000000713c00000| Untracked 
|  77|0x0000000713e00000, 0x0000000713e00000, 0x0000000714000000|  0%| F|  |TAMS 0x0000000713e00000, 0x0000000713e00000| Untracked 
|  78|0x0000000714000000, 0x0000000714000000, 0x0000000714200000|  0%| F|  |TAMS 0x0000000714000000, 0x0000000714000000| Untracked 
|  79|0x0000000714200000, 0x0000000714200000, 0x0000000714400000|  0%| F|  |TAMS 0x0000000714200000, 0x0000000714200000| Untracked 
|  80|0x0000000714400000, 0x0000000714400000, 0x0000000714600000|  0%| F|  |TAMS 0x0000000714400000, 0x0000000714400000| Untracked 
|  81|0x0000000714600000, 0x0000000714600000, 0x0000000714800000|  0%| F|  |TAMS 0x0000000714600000, 0x0000000714600000| Untracked 
|  82|0x0000000714800000, 0x0000000714800000, 0x0000000714a00000|  0%| F|  |TAMS 0x0000000714800000, 0x0000000714800000| Untracked 
|  83|0x0000000714a00000, 0x0000000714a00000, 0x0000000714c00000|  0%| F|  |TAMS 0x0000000714a00000, 0x0000000714a00000| Untracked 
|  84|0x0000000714c00000, 0x0000000714c00000, 0x0000000714e00000|  0%| F|  |TAMS 0x0000000714c00000, 0x0000000714c00000| Untracked 
|  85|0x0000000714e00000, 0x0000000714e00000, 0x0000000715000000|  0%| F|  |TAMS 0x0000000714e00000, 0x0000000714e00000| Untracked 
|  86|0x0000000715000000, 0x0000000715000000, 0x0000000715200000|  0%| F|  |TAMS 0x0000000715000000, 0x0000000715000000| Untracked 
|  87|0x0000000715200000, 0x0000000715200000, 0x0000000715400000|  0%| F|  |TAMS 0x0000000715200000, 0x0000000715200000| Untracked 
|  88|0x0000000715400000, 0x0000000715400000, 0x0000000715600000|  0%| F|  |TAMS 0x0000000715400000, 0x0000000715400000| Untracked 
|  89|0x0000000715600000, 0x0000000715600000, 0x0000000715800000|  0%| F|  |TAMS 0x0000000715600000, 0x0000000715600000| Untracked 
|  90|0x0000000715800000, 0x0000000715800000, 0x0000000715a00000|  0%| F|  |TAMS 0x0000000715800000, 0x0000000715800000| Untracked 
|  91|0x0000000715a00000, 0x0000000715a00000, 0x0000000715c00000|  0%| F|  |TAMS 0x0000000715a00000, 0x0000000715a00000| Untracked 
|  92|0x0000000715c00000, 0x0000000715c00000, 0x0000000715e00000|  0%| F|  |TAMS 0x0000000715c00000, 0x0000000715c00000| Untracked 
|  93|0x0000000715e00000, 0x0000000715e00000, 0x0000000716000000|  0%| F|  |TAMS 0x0000000715e00000, 0x0000000715e00000| Untracked 
|  94|0x0000000716000000, 0x0000000716000000, 0x0000000716200000|  0%| F|  |TAMS 0x0000000716000000, 0x0000000716000000| Untracked 
|  95|0x0000000716200000, 0x0000000716200000, 0x0000000716400000|  0%| F|  |TAMS 0x0000000716200000, 0x0000000716200000| Untracked 
|  96|0x0000000716400000, 0x0000000716400000, 0x0000000716600000|  0%| F|  |TAMS 0x0000000716400000, 0x0000000716400000| Untracked 
|  97|0x0000000716600000, 0x0000000716600000, 0x0000000716800000|  0%| F|  |TAMS 0x0000000716600000, 0x0000000716600000| Untracked 
|  98|0x0000000716800000, 0x0000000716800000, 0x0000000716a00000|  0%| F|  |TAMS 0x0000000716800000, 0x0000000716800000| Untracked 
|  99|0x0000000716a00000, 0x0000000716a00000, 0x0000000716c00000|  0%| F|  |TAMS 0x0000000716a00000, 0x0000000716a00000| Untracked 
| 100|0x0000000716c00000, 0x0000000716c00000, 0x0000000716e00000|  0%| F|  |TAMS 0x0000000716c00000, 0x0000000716c00000| Untracked 
| 101|0x0000000716e00000, 0x0000000716e00000, 0x0000000717000000|  0%| F|  |TAMS 0x0000000716e00000, 0x0000000716e00000| Untracked 
| 102|0x0000000717000000, 0x0000000717000000, 0x0000000717200000|  0%| F|  |TAMS 0x0000000717000000, 0x0000000717000000| Untracked 
| 103|0x0000000717200000, 0x0000000717200000, 0x0000000717400000|  0%| F|  |TAMS 0x0000000717200000, 0x0000000717200000| Untracked 
| 104|0x0000000717400000, 0x0000000717400000, 0x0000000717600000|  0%| F|  |TAMS 0x0000000717400000, 0x0000000717400000| Untracked 
| 105|0x0000000717600000, 0x0000000717600000, 0x0000000717800000|  0%| F|  |TAMS 0x0000000717600000, 0x0000000717600000| Untracked 
| 106|0x0000000717800000, 0x0000000717800000, 0x0000000717a00000|  0%| F|  |TAMS 0x0000000717800000, 0x0000000717800000| Untracked 
| 107|0x0000000717a00000, 0x0000000717a00000, 0x0000000717c00000|  0%| F|  |TAMS 0x0000000717a00000, 0x0000000717a00000| Untracked 
| 108|0x0000000717c00000, 0x0000000717c00000, 0x0000000717e00000|  0%| F|  |TAMS 0x0000000717c00000, 0x0000000717c00000| Untracked 
| 109|0x0000000717e00000, 0x0000000717e00000, 0x0000000718000000|  0%| F|  |TAMS 0x0000000717e00000, 0x0000000717e00000| Untracked 
| 110|0x0000000718000000, 0x0000000718000000, 0x0000000718200000|  0%| F|  |TAMS 0x0000000718000000, 0x0000000718000000| Untracked 
| 111|0x0000000718200000, 0x0000000718200000, 0x0000000718400000|  0%| F|  |TAMS 0x0000000718200000, 0x0000000718200000| Untracked 
| 112|0x0000000718400000, 0x0000000718400000, 0x0000000718600000|  0%| F|  |TAMS 0x0000000718400000, 0x0000000718400000| Untracked 
| 113|0x0000000718600000, 0x0000000718600000, 0x0000000718800000|  0%| F|  |TAMS 0x0000000718600000, 0x0000000718600000| Untracked 
| 114|0x0000000718800000, 0x0000000718800000, 0x0000000718a00000|  0%| F|  |TAMS 0x0000000718800000, 0x0000000718800000| Untracked 
| 115|0x0000000718a00000, 0x0000000718bd4c70, 0x0000000718c00000| 91%| E|  |TAMS 0x0000000718a00000, 0x0000000718a00000| Complete 
| 116|0x0000000718c00000, 0x0000000718e00000, 0x0000000718e00000|100%| E|CS|TAMS 0x0000000718c00000, 0x0000000718c00000| Complete 
| 117|0x0000000718e00000, 0x0000000719000000, 0x0000000719000000|100%| E|CS|TAMS 0x0000000718e00000, 0x0000000718e00000| Complete 
| 118|0x0000000719000000, 0x0000000719200000, 0x0000000719200000|100%| E|CS|TAMS 0x0000000719000000, 0x0000000719000000| Complete 
| 119|0x0000000719200000, 0x0000000719400000, 0x0000000719400000|100%| E|CS|TAMS 0x0000000719200000, 0x0000000719200000| Complete 
| 120|0x0000000719400000, 0x0000000719600000, 0x0000000719600000|100%| E|CS|TAMS 0x0000000719400000, 0x0000000719400000| Complete 
| 121|0x0000000719600000, 0x0000000719800000, 0x0000000719800000|100%| E|CS|TAMS 0x0000000719600000, 0x0000000719600000| Complete 
| 122|0x0000000719800000, 0x0000000719a00000, 0x0000000719a00000|100%| E|CS|TAMS 0x0000000719800000, 0x0000000719800000| Complete 

Card table byte_map: [0x0000014293080000,0x0000014293830000] _byte_map_base: 0x000001428f82e000

Marking Bits (Prev, Next): (CMBitMap*) 0x00000142ff8dce10, (CMBitMap*) 0x00000142ff8dce50
 Prev Bits: [0x0000014293fe0000, 0x0000014297d50000)
 Next Bits: [0x0000014297d50000, 0x000001429bac0000)

Polling page: 0x00000142fd7b0000

Metaspace:

Usage:
  Non-class:     14.61 MB used.
      Class:      1.72 MB used.
       Both:     16.33 MB used.

Virtual space:
  Non-class space:       64.00 MB reserved,      14.69 MB ( 23%) committed,  1 nodes.
      Class space:        1.00 GB reserved,       1.81 MB ( <1%) committed,  1 nodes.
             Both:        1.06 GB reserved,      16.50 MB (  2%) committed. 

Chunk freelists:
   Non-Class:  720.00 KB
       Class:  14.17 MB
        Both:  14.88 MB

MaxMetaspaceSize: unlimited
CompressedClassSpaceSize: 1.00 GB
Initial GC threshold: 21.00 MB
Current GC threshold: 21.00 MB
CDS: off
MetaspaceReclaimPolicy: balanced
 - commit_granule_bytes: 65536.
 - commit_granule_words: 8192.
 - virtual_space_node_default_size: 8388608.
 - enlarge_chunks_in_place: 1.
 - new_chunks_are_fully_committed: 0.
 - uncommit_free_chunks: 1.
 - use_allocation_guard: 0.
 - handle_deallocations: 1.


Internal statistics:

num_allocs_failed_limit: 0.
num_arena_births: 146.
num_arena_deaths: 0.
num_vsnodes_births: 2.
num_vsnodes_deaths: 0.
num_space_committed: 264.
num_space_uncommitted: 0.
num_chunks_returned_to_freelist: 0.
num_chunks_taken_from_freelist: 309.
num_chunk_merges: 0.
num_chunk_splits: 183.
num_chunks_enlarged: 104.
num_inconsistent_stats: 0.

CodeHeap 'non-profiled nmethods': size=119168Kb used=333Kb max_used=333Kb free=118834Kb
 bounds [0x000001428b250000, 0x000001428b4c0000, 0x00000142926b0000]
CodeHeap 'profiled nmethods': size=119104Kb used=2046Kb max_used=2046Kb free=117058Kb
 bounds [0x00000142836b0000, 0x0000014283920000, 0x000001428ab00000]
CodeHeap 'non-nmethods': size=7488Kb used=1758Kb max_used=1776Kb free=5729Kb
 bounds [0x000001428ab00000, 0x000001428ad70000, 0x000001428b250000]
 total_blobs=1686 nmethods=1197 adapters=401
 compilation: enabled
              stopped_count=0, restarted_count=0
 full_count=0

Compilation events (20 events):
Event: 0.820 Thread 0x000001429ee16ae0 nmethod 1187 0x00000142838aba90 code [0x00000142838abc40, 0x00000142838abe48]
Event: 0.821 Thread 0x000001429ee16ae0 1188       3       java.nio.ByteBuffer::<init> (14 bytes)
Event: 0.821 Thread 0x000001429ecb45d0 1189       3       java.nio.MappedByteBuffer::limit (6 bytes)
Event: 0.821 Thread 0x000001429ee16ae0 nmethod 1188 0x00000142838abf90 code [0x00000142838ac140, 0x00000142838ac288]
Event: 0.821 Thread 0x000001429ee16ae0 1190       3       java.nio.MappedByteBuffer::position (6 bytes)
Event: 0.821 Thread 0x000001429ecb45d0 nmethod 1189 0x00000142838ac390 code [0x00000142838ac540, 0x00000142838ac748]
Event: 0.821 Thread 0x000001429ecb45d0 1191       3       java.nio.ByteBuffer::get (9 bytes)
Event: 0.821 Thread 0x000001429ee16ae0 nmethod 1190 0x00000142838ac890 code [0x00000142838aca40, 0x00000142838acc48]
Event: 0.821 Thread 0x000001429ecb45d0 nmethod 1191 0x00000142838acd90 code [0x00000142838acf40, 0x00000142838ad128]
Event: 0.823 Thread 0x000001429ecb45d0 1192       3       jdk.internal.org.objectweb.asm.ClassWriter::<init> (7 bytes)
Event: 0.823 Thread 0x000001429ee16ae0 1193       3       jdk.internal.org.objectweb.asm.ClassWriter::<init> (68 bytes)
Event: 0.823 Thread 0x000001429eca8700 1197       4       jdk.internal.org.objectweb.asm.SymbolTable::addConstantUtf8 (98 bytes)
Event: 0.823 Thread 0x000001429ecb45d0 nmethod 1192 0x00000142838ad210 code [0x00000142838ad3c0, 0x00000142838ad508]
Event: 0.823 Thread 0x000001429ecb45d0 1194       3       jdk.internal.org.objectweb.asm.ClassVisitor::<init> (7 bytes)
Event: 0.823 Thread 0x000001429ecb45d0 nmethod 1194 0x00000142838ad590 code [0x00000142838ad740, 0x00000142838ad888]
Event: 0.823 Thread 0x000001429ecb45d0 1198       3       jdk.internal.org.objectweb.asm.ClassWriter::toByteArray (1515 bytes)
Event: 0.823 Thread 0x000001429ee16ae0 nmethod 1193 0x00000142838ad910 code [0x00000142838adae0, 0x00000142838adf88]
Event: 0.823 Thread 0x000001429ee16ae0 1195       3       jdk.internal.org.objectweb.asm.ClassVisitor::<init> (88 bytes)
Event: 0.824 Thread 0x000001429ee16ae0 nmethod 1195 0x00000142838ae110 code [0x00000142838ae360, 0x00000142838aec48]
Event: 0.824 Thread 0x000001429ee16ae0 1196       3       jdk.internal.org.objectweb.asm.SymbolTable::<init> (41 bytes)

GC Heap History (0 events):
No events

Dll operation events (1 events):
Event: 0.012 Loaded shared library D:\software\JetBrains\IntelliJ IDEA 2023.2.3\jbr\bin\java.dll

Deoptimization events (20 events):
Event: 0.733 Thread 0x00000142a3391020 Uncommon trap: trap_request=0xffffffc6 fr.pc=0x000001428b299b9c relative=0x00000000000000dc
Event: 0.733 Thread 0x00000142a3391020 Uncommon trap: reason=bimorphic_or_optimized_type_check action=maybe_recompile pc=0x000001428b299b9c method=sun.security.util.math.intpoly.IntegerPolynomial$MutableElement.setProduct(Lsun/security/util/math/IntegerModuloP;)Lsun/security/util/math/intpoly/
Event: 0.733 Thread 0x00000142a3391020 DEOPT PACKING pc=0x000001428b299b9c sp=0x0000001019efe480
Event: 0.733 Thread 0x00000142a3391020 DEOPT UNPACKING pc=0x000001428ab569a3 sp=0x0000001019efe3a8 mode 2
Event: 0.733 Thread 0x00000142a3391020 Uncommon trap: trap_request=0xffffffc6 fr.pc=0x000001428b299b9c relative=0x00000000000000dc
Event: 0.733 Thread 0x00000142a3391020 Uncommon trap: reason=bimorphic_or_optimized_type_check action=maybe_recompile pc=0x000001428b299b9c method=sun.security.util.math.intpoly.IntegerPolynomial$MutableElement.setProduct(Lsun/security/util/math/IntegerModuloP;)Lsun/security/util/math/intpoly/
Event: 0.733 Thread 0x00000142a3391020 DEOPT PACKING pc=0x000001428b299b9c sp=0x0000001019efe480
Event: 0.733 Thread 0x00000142a3391020 DEOPT UNPACKING pc=0x000001428ab569a3 sp=0x0000001019efe3a8 mode 2
Event: 0.733 Thread 0x00000142a3391020 Uncommon trap: trap_request=0xffffffc6 fr.pc=0x000001428b299b9c relative=0x00000000000000dc
Event: 0.733 Thread 0x00000142a3391020 Uncommon trap: reason=bimorphic_or_optimized_type_check action=maybe_recompile pc=0x000001428b299b9c method=sun.security.util.math.intpoly.IntegerPolynomial$MutableElement.setProduct(Lsun/security/util/math/IntegerModuloP;)Lsun/security/util/math/intpoly/
Event: 0.733 Thread 0x00000142a3391020 DEOPT PACKING pc=0x000001428b299b9c sp=0x0000001019efe480
Event: 0.733 Thread 0x00000142a3391020 DEOPT UNPACKING pc=0x000001428ab569a3 sp=0x0000001019efe3a8 mode 2
Event: 0.733 Thread 0x00000142a3391020 Uncommon trap: trap_request=0xffffffc6 fr.pc=0x000001428b29a09c relative=0x00000000000000dc
Event: 0.733 Thread 0x00000142a3391020 Uncommon trap: reason=bimorphic_or_optimized_type_check action=maybe_recompile pc=0x000001428b29a09c method=sun.security.util.math.intpoly.IntegerPolynomial$MutableElement.setProduct(Lsun/security/util/math/IntegerModuloP;)Lsun/security/util/math/intpoly/
Event: 0.733 Thread 0x00000142a3391020 DEOPT PACKING pc=0x000001428b29a09c sp=0x0000001019efe420
Event: 0.733 Thread 0x00000142a3391020 DEOPT UNPACKING pc=0x000001428ab569a3 sp=0x0000001019efe3b0 mode 2
Event: 0.772 Thread 0x00000142a3174fa0 Uncommon trap: trap_request=0xffffff45 fr.pc=0x000001428b26afdc relative=0x000000000000095c
Event: 0.772 Thread 0x00000142a3174fa0 Uncommon trap: reason=unstable_if action=reinterpret pc=0x000001428b26afdc method=java.util.HashMap.putVal(ILjava/lang/Object;Ljava/lang/Object;ZZ)Ljava/lang/Object; @ 81 c2
Event: 0.772 Thread 0x00000142a3174fa0 DEOPT PACKING pc=0x000001428b26afdc sp=0x0000001019cfed30
Event: 0.772 Thread 0x00000142a3174fa0 DEOPT UNPACKING pc=0x000001428ab569a3 sp=0x0000001019cfed00 mode 2

Classes unloaded (0 events):
No events

Classes redefined (0 events):
No events

Internal exceptions (20 events):
Event: 0.344 Thread 0x00000142ff872040 Exception <a 'java/lang/NoSuchMethodError'{0x00000007194c8230}: 'java.lang.Object java.lang.invoke.DirectMethodHandle$Holder.invokeStaticInit(java.lang.Object, int, int, int, int)'> (0x00000007194c8230) 
thrown [s\src\hotspot\share\interpreter\linkResolver.cpp, line 771]
Event: 0.441 Thread 0x00000142ff872040 Exception <a 'java/lang/NoSuchMethodError'{0x00000007195d5bd0}: 'java.lang.Object java.lang.invoke.DirectMethodHandle$Holder.invokeStaticInit(java.lang.Object, java.lang.Object, int, int, int, int)'> (0x00000007195d5bd0) 
thrown [s\src\hotspot\share\interpreter\linkResolver.cpp, line 771]
Event: 0.452 Thread 0x00000142ff872040 Exception <a 'java/lang/NoSuchMethodError'{0x000000071923e488}: 'java.lang.Object java.lang.invoke.DirectMethodHandle$Holder.invokeStatic(java.lang.Object, java.lang.Object, int)'> (0x000000071923e488) 
thrown [s\src\hotspot\share\interpreter\linkResolver.cpp, line 771]
Event: 0.452 Thread 0x00000142ff872040 Exception <a 'java/lang/NoSuchMethodError'{0x0000000719241c00}: 'java.lang.Object java.lang.invoke.DirectMethodHandle$Holder.invokeStaticInit(java.lang.Object, java.lang.Object, int)'> (0x0000000719241c00) 
thrown [s\src\hotspot\share\interpreter\linkResolver.cpp, line 771]
Event: 0.453 Thread 0x00000142ff872040 Exception <a 'java/lang/NoSuchMethodError'{0x0000000719247fb0}: 'java.lang.Object java.lang.invoke.DirectMethodHandle$Holder.newInvokeSpecial(java.lang.Object, java.lang.Object, int)'> (0x0000000719247fb0) 
thrown [s\src\hotspot\share\interpreter\linkResolver.cpp, line 771]
Event: 0.455 Thread 0x00000142ff872040 Exception <a 'java/lang/NoSuchMethodError'{0x00000007192576c0}: 'int java.lang.invoke.DirectMethodHandle$Holder.invokeStaticInit(java.lang.Object, java.lang.Object, java.lang.Object)'> (0x00000007192576c0) 
thrown [s\src\hotspot\share\interpreter\linkResolver.cpp, line 771]
Event: 0.458 Thread 0x00000142ff872040 Exception <a 'java/lang/NoSuchMethodError'{0x00000007192678a0}: 'int java.lang.invoke.DirectMethodHandle$Holder.invokeSpecial(java.lang.Object, java.lang.Object, java.lang.Object)'> (0x00000007192678a0) 
thrown [s\src\hotspot\share\interpreter\linkResolver.cpp, line 771]
Event: 0.459 Thread 0x00000142ff872040 Exception <a 'java/lang/NoSuchMethodError'{0x000000071926fc80}: 'int java.lang.invoke.DirectMethodHandle$Holder.invokeSpecialIFC(java.lang.Object, java.lang.Object, java.lang.Object)'> (0x000000071926fc80) 
thrown [s\src\hotspot\share\interpreter\linkResolver.cpp, line 771]
Event: 0.490 Thread 0x00000142ff872040 Exception <a 'java/lang/NoSuchMethodError'{0x000000071936de78}: 'java.lang.Object java.lang.invoke.DirectMethodHandle$Holder.invokeStaticInit(java.lang.Object)'> (0x000000071936de78) 
thrown [s\src\hotspot\share\interpreter\linkResolver.cpp, line 771]
Event: 0.570 Thread 0x00000142ff872040 Exception <a 'java/lang/NoSuchMethodError'{0x00000007190aea30}: 'java.lang.Object java.lang.invoke.DirectMethodHandle$Holder.newInvokeSpecial(java.lang.Object, java.lang.Object, java.lang.Object, java.lang.Object, java.lang.Object)'> (0x00000007190aea30) 
thrown [s\src\hotspot\share\interpreter\linkResolver.cpp, line 771]
Event: 0.605 Thread 0x00000142ff872040 Exception <a 'java/lang/NoSuchMethodError'{0x0000000718eaba68}: 'java.lang.Object java.lang.invoke.DirectMethodHandle$Holder.invokeSpecial(java.lang.Object, java.lang.Object, java.lang.Object, java.lang.Object, int)'> (0x0000000718eaba68) 
thrown [s\src\hotspot\share\interpreter\linkResolver.cpp, line 771]
Event: 0.605 Thread 0x00000142ff872040 Exception <a 'java/lang/NoSuchMethodError'{0x0000000718eaf630}: 'java.lang.Object java.lang.invoke.Invokers$Holder.linkToTargetMethod(java.lang.Object, java.lang.Object, int, java.lang.Object)'> (0x0000000718eaf630) 
thrown [s\src\hotspot\share\interpreter\linkResolver.cpp, line 771]
Event: 0.614 Thread 0x00000142ff872040 Exception <a 'java/lang/NoSuchMethodError'{0x0000000718f0f688}: 'void java.lang.invoke.DirectMethodHandle$Holder.invokeSpecial(java.lang.Object, java.lang.Object, java.lang.Object)'> (0x0000000718f0f688) 
thrown [s\src\hotspot\share\interpreter\linkResolver.cpp, line 771]
Event: 0.628 Thread 0x00000142ff872040 Exception <a 'java/lang/NoSuchMethodError'{0x0000000718f95cc8}: 'void java.lang.invoke.DirectMethodHandle$Holder.invokeSpecial(java.lang.Object, java.lang.Object, java.lang.Object, java.lang.Object, java.lang.Object)'> (0x0000000718f95cc8) 
thrown [s\src\hotspot\share\interpreter\linkResolver.cpp, line 771]
Event: 0.628 Thread 0x00000142a3174fa0 Exception <a 'java/lang/NoSuchMethodError'{0x0000000719105b78}: 'void java.lang.invoke.DirectMethodHandle$Holder.invokeStatic(java.lang.Object, java.lang.Object, int)'> (0x0000000719105b78) 
thrown [s\src\hotspot\share\interpreter\linkResolver.cpp, line 771]
Event: 0.636 Thread 0x00000142a3391020 Exception <a 'java/lang/NoSuchMethodError'{0x0000000718feac98}: 'void java.lang.invoke.DirectMethodHandle$Holder.invokeInterface(java.lang.Object, java.lang.Object, java.lang.Object)'> (0x0000000718feac98) 
thrown [s\src\hotspot\share\interpreter\linkResolver.cpp, line 771]
Event: 0.638 Thread 0x00000142a3391020 Exception <a 'java/lang/NoSuchMethodError'{0x0000000718ffeda8}: 'int java.lang.invoke.DirectMethodHandle$Holder.invokeStaticInit(java.lang.Object, int, int)'> (0x0000000718ffeda8) 
thrown [s\src\hotspot\share\interpreter\linkResolver.cpp, line 771]
Event: 0.644 Thread 0x00000142a3391020 Exception <a 'java/lang/NoSuchMethodError'{0x0000000718c43c18}: 'void java.lang.invoke.DirectMethodHandle$Holder.invokeVirtual(java.lang.Object, java.lang.Object)'> (0x0000000718c43c18) 
thrown [s\src\hotspot\share\interpreter\linkResolver.cpp, line 771]
Event: 0.704 Thread 0x00000142a3391020 Exception <a 'java/lang/NoSuchMethodError'{0x0000000718d8b4d8}: 'void java.lang.invoke.DirectMethodHandle$Holder.invokeInterface(java.lang.Object, java.lang.Object)'> (0x0000000718d8b4d8) 
thrown [s\src\hotspot\share\interpreter\linkResolver.cpp, line 771]
Event: 0.745 Thread 0x00000142a3391020 Exception <a 'java/lang/NoSuchMethodError'{0x0000000718a0cbe0}: 'void java.lang.invoke.DirectMethodHandle$Holder.invokeStatic(java.lang.Object, java.lang.Object, java.lang.Object, java.lang.Object)'> (0x0000000718a0cbe0) 
thrown [s\src\hotspot\share\interpreter\linkResolver.cpp, line 771]

VM Operations (8 events):
Event: 0.154 Executing VM operation: HandshakeAllThreads
Event: 0.154 Executing VM operation: HandshakeAllThreads done
Event: 0.175 Executing VM operation: HandshakeAllThreads
Event: 0.175 Executing VM operation: HandshakeAllThreads done
Event: 0.360 Executing VM operation: HandshakeAllThreads
Event: 0.360 Executing VM operation: HandshakeAllThreads done
Event: 0.493 Executing VM operation: HandshakeAllThreads
Event: 0.494 Executing VM operation: HandshakeAllThreads done

Events (20 events):
Event: 0.746 loading class java/util/concurrent/CompletionException
Event: 0.746 loading class java/util/concurrent/CompletionException done
Event: 0.760 loading class java/net/ProtocolException
Event: 0.760 loading class java/net/ProtocolException done
Event: 0.767 loading class java/util/Collections$UnmodifiableMap$UnmodifiableEntrySet
Event: 0.767 loading class java/util/Collections$UnmodifiableMap$UnmodifiableEntrySet done
Event: 0.767 loading class java/util/Collections$UnmodifiableMap$UnmodifiableEntrySet$1
Event: 0.768 loading class java/util/Collections$UnmodifiableMap$UnmodifiableEntrySet$1 done
Event: 0.768 loading class java/util/Collections$UnmodifiableMap$UnmodifiableEntrySet$UnmodifiableEntry
Event: 0.768 loading class java/util/Collections$UnmodifiableMap$UnmodifiableEntrySet$UnmodifiableEntry done
Event: 0.775 loading class sun/security/ssl/NewSessionTicket$T13NewSessionTicketMessage
Event: 0.775 loading class sun/security/ssl/NewSessionTicket$NewSessionTicketMessage
Event: 0.775 loading class sun/security/ssl/NewSessionTicket$NewSessionTicketMessage done
Event: 0.775 loading class sun/security/ssl/NewSessionTicket$T13NewSessionTicketMessage done
Event: 0.820 loading class java/util/LinkedList$DescendingIterator
Event: 0.820 loading class java/util/LinkedList$DescendingIterator done
Event: 0.821 loading class sun/net/www/HeaderParser
Event: 0.821 loading class sun/net/www/HeaderParser done
Event: 0.823 loading class java/util/function/ToLongFunction
Event: 0.823 loading class java/util/function/ToLongFunction done


Dynamic libraries:
0x00007ff61c7f0000 - 0x00007ff61c7fa000 	D:\software\JetBrains\IntelliJ IDEA 2023.2.3\jbr\bin\java.exe
0x00007ffff76f0000 - 0x00007ffff7907000 	C:\WINDOWS\SYSTEM32\ntdll.dll
0x00007ffff67d0000 - 0x00007ffff6894000 	C:\WINDOWS\System32\KERNEL32.DLL
0x00007ffff4740000 - 0x00007ffff4b13000 	C:\WINDOWS\System32\KERNELBASE.dll
0x00007ffff50b0000 - 0x00007ffff51c1000 	C:\WINDOWS\System32\ucrtbase.dll
0x00007fffed3a0000 - 0x00007fffed3b7000 	D:\software\JetBrains\IntelliJ IDEA 2023.2.3\jbr\bin\jli.dll
0x00007fffbb3f0000 - 0x00007fffbb40b000 	D:\software\JetBrains\IntelliJ IDEA 2023.2.3\jbr\bin\VCRUNTIME140.dll
0x00007ffff73e0000 - 0x00007ffff7591000 	C:\WINDOWS\System32\USER32.dll
0x00007ffff43f0000 - 0x00007ffff4416000 	C:\WINDOWS\System32\win32u.dll
0x00007ffff69d0000 - 0x00007ffff69f9000 	C:\WINDOWS\System32\GDI32.dll
0x00007ffff4420000 - 0x00007ffff453b000 	C:\WINDOWS\System32\gdi32full.dll
0x00007fffde6b0000 - 0x00007fffde948000 	C:\WINDOWS\WinSxS\amd64_microsoft.windows.common-controls_6595b64144ccf1df_6.0.22621.5124_none_270e8f4f7386d69d\COMCTL32.dll
0x00007ffff46a0000 - 0x00007ffff473a000 	C:\WINDOWS\System32\msvcp_win.dll
0x00007ffff6a80000 - 0x00007ffff6b27000 	C:\WINDOWS\System32\msvcrt.dll
0x00007ffff6130000 - 0x00007ffff6161000 	C:\WINDOWS\System32\IMM32.DLL
0x00007fffdc9e0000 - 0x00007fffdc9ec000 	D:\software\JetBrains\IntelliJ IDEA 2023.2.3\jbr\bin\vcruntime140_1.dll
0x00007fff5d070000 - 0x00007fff5d0fd000 	D:\software\JetBrains\IntelliJ IDEA 2023.2.3\jbr\bin\msvcp140.dll
0x00007fff96470000 - 0x00007fff970f3000 	D:\software\JetBrains\IntelliJ IDEA 2023.2.3\jbr\bin\server\jvm.dll
0x00007ffff5af0000 - 0x00007ffff5ba1000 	C:\WINDOWS\System32\ADVAPI32.dll
0x00007ffff5d90000 - 0x00007ffff5e38000 	C:\WINDOWS\System32\sechost.dll
0x00007ffff4570000 - 0x00007ffff4598000 	C:\WINDOWS\System32\bcrypt.dll
0x00007ffff6d00000 - 0x00007ffff6e14000 	C:\WINDOWS\System32\RPCRT4.dll
0x00007ffff4b20000 - 0x00007ffff4b6d000 	C:\WINDOWS\System32\POWRPROF.dll
0x00007fffec610000 - 0x00007fffec644000 	C:\WINDOWS\SYSTEM32\WINMM.dll
0x00007fffe95f0000 - 0x00007fffe95fa000 	C:\WINDOWS\SYSTEM32\VERSION.dll
0x00007fffefb50000 - 0x00007fffefb59000 	C:\WINDOWS\SYSTEM32\WSOCK32.dll
0x00007ffff68a0000 - 0x00007ffff6911000 	C:\WINDOWS\System32\WS2_32.dll
0x00007ffff4130000 - 0x00007ffff4143000 	C:\WINDOWS\SYSTEM32\UMPDC.dll
0x00007ffff3420000 - 0x00007ffff3438000 	C:\WINDOWS\SYSTEM32\kernel.appcore.dll
0x00007fffed3d0000 - 0x00007fffed3da000 	D:\software\JetBrains\IntelliJ IDEA 2023.2.3\jbr\bin\jimage.dll
0x00007ffff1ed0000 - 0x00007ffff2102000 	C:\WINDOWS\SYSTEM32\DBGHELP.DLL
0x00007ffff6f40000 - 0x00007ffff72d2000 	C:\WINDOWS\System32\combase.dll
0x00007ffff5cb0000 - 0x00007ffff5d87000 	C:\WINDOWS\System32\OLEAUT32.dll
0x00007fffe6270000 - 0x00007fffe62a2000 	C:\WINDOWS\SYSTEM32\dbgcore.DLL
0x00007ffff4b80000 - 0x00007ffff4bfb000 	C:\WINDOWS\System32\bcryptPrimitives.dll
0x00007fffed370000 - 0x00007fffed395000 	D:\software\JetBrains\IntelliJ IDEA 2023.2.3\jbr\bin\java.dll
0x00007fffed350000 - 0x00007fffed368000 	D:\software\JetBrains\IntelliJ IDEA 2023.2.3\jbr\bin\zip.dll
0x00007ffff51f0000 - 0x00007ffff5a86000 	C:\WINDOWS\System32\SHELL32.dll
0x00007ffff4d70000 - 0x00007ffff4eaf000 	C:\WINDOWS\System32\wintypes.dll
0x00007ffff2310000 - 0x00007ffff2c2a000 	C:\WINDOWS\SYSTEM32\windows.storage.dll
0x00007ffff5e50000 - 0x00007ffff5f5a000 	C:\WINDOWS\System32\SHCORE.dll
0x00007ffff5f60000 - 0x00007ffff5fc3000 	C:\WINDOWS\System32\shlwapi.dll
0x00007ffff4310000 - 0x00007ffff433b000 	C:\WINDOWS\SYSTEM32\profapi.dll
0x00007fffed320000 - 0x00007fffed339000 	D:\software\JetBrains\IntelliJ IDEA 2023.2.3\jbr\bin\net.dll
0x00007fffed7a0000 - 0x00007fffed8cc000 	C:\WINDOWS\SYSTEM32\WINHTTP.dll
0x00007ffff3890000 - 0x00007ffff38fa000 	C:\WINDOWS\system32\mswsock.dll
0x00007fffed220000 - 0x00007fffed236000 	D:\software\JetBrains\IntelliJ IDEA 2023.2.3\jbr\bin\nio.dll
0x00007fffec7f0000 - 0x00007fffec7fe000 	D:\software\JetBrains\IntelliJ IDEA 2023.2.3\jbr\bin\sunmscapi.dll
0x00007ffff4c00000 - 0x00007ffff4d66000 	C:\WINDOWS\System32\CRYPT32.dll
0x00007ffff3cd0000 - 0x00007ffff3cfd000 	C:\WINDOWS\SYSTEM32\ncrypt.dll
0x00007ffff3c90000 - 0x00007ffff3cc7000 	C:\WINDOWS\SYSTEM32\NTASN1.dll
0x00007ffff3b30000 - 0x00007ffff3b4b000 	C:\WINDOWS\SYSTEM32\CRYPTSP.dll
0x00007ffff3380000 - 0x00007ffff33b7000 	C:\WINDOWS\system32\rsaenh.dll
0x00007ffff3930000 - 0x00007ffff3958000 	C:\WINDOWS\SYSTEM32\USERENV.dll
0x00007ffff3a90000 - 0x00007ffff3a9c000 	C:\WINDOWS\SYSTEM32\CRYPTBASE.dll
0x00007ffff2ed0000 - 0x00007ffff2efd000 	C:\WINDOWS\SYSTEM32\IPHLPAPI.DLL
0x00007ffff6ce0000 - 0x00007ffff6ce9000 	C:\WINDOWS\System32\NSI.dll
0x00007fffed5a0000 - 0x00007fffed5b9000 	C:\WINDOWS\SYSTEM32\dhcpcsvc6.DLL
0x00007fffed1c0000 - 0x00007fffed1df000 	C:\WINDOWS\SYSTEM32\dhcpcsvc.DLL
0x00007ffff2f00000 - 0x00007ffff3002000 	C:\WINDOWS\SYSTEM32\DNSAPI.dll
0x00007fffec7d0000 - 0x00007fffec7d8000 	C:\WINDOWS\system32\wshunix.dll

dbghelp: loaded successfully - version: 4.0.5 - missing functions: none
symbol engine: initialized successfully - sym options: 0x614 - pdb path: .;D:\software\JetBrains\IntelliJ IDEA 2023.2.3\jbr\bin;C:\WINDOWS\SYSTEM32;C:\WINDOWS\WinSxS\amd64_microsoft.windows.common-controls_6595b64144ccf1df_6.0.22621.5124_none_270e8f4f7386d69d;D:\software\JetBrains\IntelliJ IDEA 2023.2.3\jbr\bin\server

VM Arguments:
java_command: git4idea.http.GitAskPassApp Username for 'https://gitee.com': 
java_class_path (initial): D:/software/JetBrains/IntelliJ IDEA 2023.2.3/plugins/vcs-git/lib/git4idea-rt.jar;D:/software/JetBrains/IntelliJ IDEA 2023.2.3/lib/externalProcess-rt.jar
Launcher Type: SUN_STANDARD

[Global flags]
     intx CICompilerCount                          = 12                                        {product} {ergonomic}
     uint ConcGCThreads                            = 3                                         {product} {ergonomic}
     uint G1ConcRefinementThreads                  = 13                                        {product} {ergonomic}
   size_t G1HeapRegionSize                         = 2097152                                   {product} {ergonomic}
    uintx GCDrainStackTargetSize                   = 64                                        {product} {ergonomic}
   size_t InitialHeapSize                          = 257949696                                 {product} {ergonomic}
   size_t MarkStackSize                            = 4194304                                   {product} {ergonomic}
   size_t MaxHeapSize                              = 4123000832                                {product} {ergonomic}
   size_t MaxNewSize                               = 2472542208                                {product} {ergonomic}
   size_t MinHeapDeltaBytes                        = 2097152                                   {product} {ergonomic}
   size_t MinHeapSize                              = 8388608                                   {product} {ergonomic}
    uintx NonNMethodCodeHeapSize                   = 7602480                                {pd product} {ergonomic}
    uintx NonProfiledCodeHeapSize                  = 122027880                              {pd product} {ergonomic}
    uintx ProfiledCodeHeapSize                     = 122027880                              {pd product} {ergonomic}
    uintx ReservedCodeCacheSize                    = 251658240                              {pd product} {ergonomic}
     bool SegmentedCodeCache                       = true                                      {product} {ergonomic}
   size_t SoftMaxHeapSize                          = 4123000832                             {manageable} {ergonomic}
     bool UseCompressedClassPointers               = true                           {product lp64_product} {ergonomic}
     bool UseCompressedOops                        = true                           {product lp64_product} {ergonomic}
     bool UseG1GC                                  = true                                      {product} {ergonomic}
     bool UseLargePagesIndividualAllocation        = false                                  {pd product} {ergonomic}

Logging:
Log output configuration:
 #0: stdout all=warning uptime,level,tags
 #1: stderr all=off uptime,level,tags

Environment Variables:
JAVA_HOME=D:\software\java\jdk1.8.0_181
CLASSPATH=.;%JAVA_HOME%\lib;%JAVA_HOME%\lib\dt.jar;%JAVA_HOME%\lib\tools.jar
PATH=D:/software/Git/mingw64/libexec/git-core;D:/software/Git/mingw64/libexec/git-core;D:\software\Git\mingw64\bin;D:\software\Git\usr\bin;C:\Users\14669\bin;D:\software\vm\VMware Workstation\bin\;.;D:\software\java\jdk1.8.0_181\bin;D:\software\java\jdk1.8.0_181\jre\bin;D:\software\python\Scripts\;D:\software\python\;C:\WINDOWS\system32;C:\WINDOWS;C:\WINDOWS\System32\Wbem;C:\WINDOWS\System32\WindowsPowerShell\v1.0\;C:\WINDOWS\System32\OpenSSH\;D:\software\Git\cmd;C:\Program Files\Bandizip\;D:\software\apache-maven-3.6.3\bin;D:\software\Redis\;D:\software\mysql\mysql\bin;C:\Program Files (x86)\Sybase\SQL Anywhere 8\win32;C:\Program Files (x86)\Sybase\Shared\win32;C:\Program Files (x86)\Sybase\Shared\Sybase Central 4.1;C:\Program Files (x86)\Sybase\PowerDynamo\win32;D:\instantclient_21_10;D:\software\nvm;C:\Program Files\nodejs;C:\Program Files\Microsoft SQL Server\110\Tools\Binn\;C:\Program Files (x86)\Microsoft SDKs\TypeScript\1.0\;C:\Program Files\Microsoft SQL Server\120\Tools\Binn\;C:\Program Files\Microsoft SQL Server\130\Tools\Binn\;D:\software\Microsoft VS Code\bin;D:\software\pb11\sql\bin64;D:\software\pb11\sql\bin32;C:\Program Files\Microsoft SQL Server\Client SDK\ODBC\170\Tools\Binn\;C:\Program Files (x86)\Sybase\Shared\PowerBuilder\;C:\Program Files\Docker\Docker\resources\bin;d:\Trae CN\bin;C:\Users\14669\AppData\Local\Microsoft\WindowsApps;D:\software\JetBrains\PyCharm\PyCharm 2023.2.3\bin
USERNAME=14669
DISPLAY=:0.0
LC_ALL=en_US.UTF-8
TERM=xterm-256color
TMPDIR=C:\Users\14669\AppData\Local\Temp
OS=Windows_NT
PROCESSOR_IDENTIFIER=AMD64 Family 25 Model 80 Stepping 0, AuthenticAMD
TMP=C:\Users\14669\AppData\Local\Temp
TEMP=C:\Users\14669\AppData\Local\Temp


JNI global refs:
JNI global refs: 28, weak refs: 0

JNI global refs memory usage: 843, weak refs: 841

OOME stack traces (most recent first):
Classloader memory used:
Loader bootstrap                                                                       : 1864K
Loader jdk.internal.loader.ClassLoaders$PlatformClassLoader                            : 223K
Loader jdk.internal.loader.ClassLoaders$AppClassLoader                                 : 1815B
Loader jdk.internal.reflect.DelegatingClassLoader                                      : 864B


---------------  S Y S T E M  ---------------

OS:
 Windows 11 , 64 bit Build 22621 (10.0.22621.5124)
OS uptime: 0 days 6:09 hours
Hyper-V role detected

CPU: total 16 (initial active 16) (16 cores per cpu, 2 threads per core) family 25 model 80 stepping 0 microcode 0x0, cx8, cmov, fxsr, ht, mmx, 3dnowpref, sse, sse2, sse3, ssse3, sse4a, sse4.1, sse4.2, popcnt, lzcnt, tsc, tscinvbit, avx, avx2, aes, erms, clmul, bmi1, bmi2, adx, sha, fma, vzeroupper, clflush, clflushopt, hv
Processor Information for all 16 processors :
  Max Mhz: 2000, Current Mhz: 2000, Mhz Limit: 2000

Memory: 4k page, system-wide physical 15724M (222M free)
TotalPageFile size 33561M (AvailPageFile size 1M)
current process WorkingSet (physical memory assigned to process): 74M, peak: 74M
current process commit charge ("private bytes"): 356M, peak: 357M

vm_info: OpenJDK 64-Bit Server VM (17.0.8.1+7-b1000.32) for windows-amd64 JRE (17.0.8.1+7-b1000.32), built on 2023-09-15 by "builduser" with MS VC++ 16.10 / 16.11 (VS2019)

END.
